<?xml version="1.0" encoding="UTF-8"?>
<testng-results skipped="0" failed="1" ignored="0" total="1" passed="0">
  <reporter-output>
  </reporter-output>
  <suite name="My suite" duration-ms="0" started-at="2018-07-11T06:44:48Z" finished-at="2018-07-11T06:44:48Z">
    <groups>
    </groups>
  </suite> <!-- My suite -->
  <suite name="Lockbin Suite" duration-ms="3185" started-at="2018-07-11T06:44:45Z" finished-at="2018-07-11T06:44:48Z">
    <groups>
    </groups>
    <test name="Login Test" duration-ms="3185" started-at="2018-07-11T06:44:45Z" finished-at="2018-07-11T06:44:48Z">
      <class name="com.qtpselenium.rediff.hybrid.testcases.locbinsuite.LoginTest">
        <test-method status="PASS" signature="init()[pri:0, instance:com.qtpselenium.rediff.hybrid.testcases.locbinsuite.LoginTest@47f6473]" name="init" is-config="true" duration-ms="786" started-at="2018-07-11T12:14:45Z" finished-at="2018-07-11T12:14:46Z">
          <reporter-output>
          </reporter-output>
        </test-method> <!-- init -->
        <test-method status="PASS" signature="initTest()[pri:0, instance:com.qtpselenium.rediff.hybrid.testcases.locbinsuite.LoginTest@47f6473]" name="initTest" is-config="true" duration-ms="262" started-at="2018-07-11T12:14:46Z" finished-at="2018-07-11T12:14:46Z">
          <reporter-output>
          </reporter-output>
        </test-method> <!-- initTest -->
        <test-method status="FAIL" signature="loginTest(java.util.Hashtable)[pri:0, instance:com.qtpselenium.rediff.hybrid.testcases.locbinsuite.LoginTest@47f6473]" name="loginTest" duration-ms="1697" started-at="2018-07-11T12:14:46Z" data-provider="getData" finished-at="2018-07-11T12:14:48Z">
          <params>
            <param index="0">
              <value>
                <![CDATA[{Username=qashalini0602@gmail.com, ExpectedResult=, Password=test2006, Runmode=Y, Browser=Chrome}]]>
              </value>
            </param>
          </params>
          <exception class="java.lang.reflect.InvocationTargetException">
            <full-stacktrace>
              <![CDATA[java.lang.reflect.InvocationTargetException
	at sun.reflect.NativeMethodAccessorImpl.invoke0(Native Method)
	at sun.reflect.NativeMethodAccessorImpl.invoke(NativeMethodAccessorImpl.java:62)
	at sun.reflect.DelegatingMethodAccessorImpl.invoke(DelegatingMethodAccessorImpl.java:43)
	at java.lang.reflect.Method.invoke(Method.java:498)
	at com.qtpselenium.rediff.hybrid.driver.DriverScript.executeKeywords(DriverScript.java:47)
	at com.qtpselenium.rediff.hybrid.testcases.locbinsuite.LoginTest.loginTest(LoginTest.java:25)
	at sun.reflect.NativeMethodAccessorImpl.invoke0(Native Method)
	at sun.reflect.NativeMethodAccessorImpl.invoke(NativeMethodAccessorImpl.java:62)
	at sun.reflect.DelegatingMethodAccessorImpl.invoke(DelegatingMethodAccessorImpl.java:43)
	at java.lang.reflect.Method.invoke(Method.java:498)
	at org.testng.internal.MethodInvocationHelper.invokeMethod(MethodInvocationHelper.java:104)
	at org.testng.internal.Invoker.invokeMethod(Invoker.java:645)
	at org.testng.internal.Invoker.invokeTestMethod(Invoker.java:851)
	at org.testng.internal.Invoker.invokeTestMethods(Invoker.java:1177)
	at org.testng.internal.TestMethodWorker.invokeTestMethods(TestMethodWorker.java:129)
	at org.testng.internal.TestMethodWorker.run(TestMethodWorker.java:112)
	at org.testng.TestRunner.privateRun(TestRunner.java:756)
	at org.testng.TestRunner.run(TestRunner.java:610)
	at org.testng.SuiteRunner.runTest(SuiteRunner.java:387)
	at org.testng.SuiteRunner.access$000(SuiteRunner.java:39)
	at org.testng.SuiteRunner$SuiteWorker.run(SuiteRunner.java:421)
	at org.testng.internal.thread.ThreadUtil$2.call(ThreadUtil.java:64)
	at java.util.concurrent.FutureTask.run(FutureTask.java:266)
	at java.util.concurrent.ThreadPoolExecutor.runWorker(ThreadPoolExecutor.java:1149)
	at java.util.concurrent.ThreadPoolExecutor$Worker.run(ThreadPoolExecutor.java:624)
	at java.lang.Thread.run(Thread.java:748)
Caused by: org.openqa.selenium.SessionNotCreatedException: Unable to find a matching set of capabilities
Build info: version: '3.13.0', revision: '2f0d292', time: '2018-06-25T15:24:21.231Z'
System info: host: 'DESKTOP-GVPH1DS', ip: '192.168.1.104', os.name: 'Windows 10', os.arch: 'amd64', os.version: '10.0', java.version: '1.8.0_171'
Driver info: driver.version: ChromeDriver
remote stacktrace: 
	at sun.reflect.NativeConstructorAccessorImpl.newInstance0(Native Method)
	at sun.reflect.NativeConstructorAccessorImpl.newInstance(NativeConstructorAccessorImpl.java:62)
	at sun.reflect.DelegatingConstructorAccessorImpl.newInstance(DelegatingConstructorAccessorImpl.java:45)
	at java.lang.reflect.Constructor.newInstance(Constructor.java:423)
	at org.openqa.selenium.remote.W3CHandshakeResponse.lambda$new$0(W3CHandshakeResponse.java:57)
	at org.openqa.selenium.remote.W3CHandshakeResponse.lambda$getResponseFunction$2(W3CHandshakeResponse.java:104)
	at org.openqa.selenium.remote.ProtocolHandshake.lambda$createSession$0(ProtocolHandshake.java:123)
	at java.util.stream.ReferencePipeline$3$1.accept(ReferencePipeline.java:193)
	at java.util.Spliterators$ArraySpliterator.tryAdvance(Spliterators.java:958)
	at java.util.stream.ReferencePipeline.forEachWithCancel(ReferencePipeline.java:126)
	at java.util.stream.AbstractPipeline.copyIntoWithCancel(AbstractPipeline.java:498)
	at java.util.stream.AbstractPipeline.copyInto(AbstractPipeline.java:485)
	at java.util.stream.AbstractPipeline.wrapAndCopyInto(AbstractPipeline.java:471)
	at java.util.stream.FindOps$FindOp.evaluateSequential(FindOps.java:152)
	at java.util.stream.AbstractPipeline.evaluate(AbstractPipeline.java:234)
	at java.util.stream.ReferencePipeline.findFirst(ReferencePipeline.java:464)
	at org.openqa.selenium.remote.ProtocolHandshake.createSession(ProtocolHandshake.java:126)
	at org.openqa.selenium.remote.ProtocolHandshake.createSession(ProtocolHandshake.java:73)
	at org.openqa.selenium.remote.HttpCommandExecutor.execute(HttpCommandExecutor.java:136)
	at org.openqa.selenium.remote.service.DriverCommandExecutor.execute(DriverCommandExecutor.java:83)
	at org.openqa.selenium.remote.RemoteWebDriver.execute(RemoteWebDriver.java:548)
	at org.openqa.selenium.remote.RemoteWebDriver.startSession(RemoteWebDriver.java:212)
	at org.openqa.selenium.remote.RemoteWebDriver.<init>(RemoteWebDriver.java:130)
	at org.openqa.selenium.chrome.ChromeDriver.<init>(ChromeDriver.java:181)
	at org.openqa.selenium.chrome.ChromeDriver.<init>(ChromeDriver.java:168)
	at org.openqa.selenium.chrome.ChromeDriver.<init>(ChromeDriver.java:123)
	at com.qtpselenium.rediff.hybrid.keywords.GenericKeywords.openBrowser(GenericKeywords.java:124)
	... 26 more
]]>
            </full-stacktrace>
          </exception> <!-- java.lang.reflect.InvocationTargetException -->
          <reporter-output>
          </reporter-output>
        </test-method> <!-- loginTest -->
        <test-method status="PASS" signature="quit()[pri:0, instance:com.qtpselenium.rediff.hybrid.testcases.locbinsuite.LoginTest@47f6473]" name="quit" is-config="true" duration-ms="391" started-at="2018-07-11T12:14:48Z" finished-at="2018-07-11T12:14:48Z">
          <reporter-output>
          </reporter-output>
        </test-method> <!-- quit -->
      </class> <!-- com.qtpselenium.rediff.hybrid.testcases.locbinsuite.LoginTest -->
    </test> <!-- Login Test -->
  </suite> <!-- Lockbin Suite -->
</testng-results>
